<?xml version="1.0" encoding="UTF-8"?>
<!-- Generated by org.testng.reporters.JUnitReportReporter -->
<testsuite skipped="0" hostname="INAS-LP024" name="com.vrt.testcases.assetHubAssetCreationTest" tests="26" failures="0" timestamp="2019-12-30T22:37:10 IST" time="1144.495" errors="0">
  <testcase name="ASSTHB012a" time="43.049" classname="com.vrt.testcases.assetHubAssetCreationTest"/>
  <testcase name="ASSTHB012a" time="47.346" classname="com.vrt.testcases.assetHubAssetCreationTest"/>
  <testcase name="ASSTHB012a" time="46.230" classname="com.vrt.testcases.assetHubAssetCreationTest"/>
  <testcase name="ASSTHB012a" time="44.859" classname="com.vrt.testcases.assetHubAssetCreationTest"/>
  <testcase name="ASSTHB012a" time="44.210" classname="com.vrt.testcases.assetHubAssetCreationTest"/>
  <testcase name="ASSTHB012a" time="42.106" classname="com.vrt.testcases.assetHubAssetCreationTest"/>
  <testcase name="ASSTHB012a" time="47.898" classname="com.vrt.testcases.assetHubAssetCreationTest"/>
  <testcase name="ASSTHB012a" time="42.731" classname="com.vrt.testcases.assetHubAssetCreationTest"/>
  <testcase name="ASSTHB012a" time="46.996" classname="com.vrt.testcases.assetHubAssetCreationTest"/>
  <testcase name="ASSTHB012a" time="46.812" classname="com.vrt.testcases.assetHubAssetCreationTest"/>
  <testcase name="ASSTHB012a" time="37.229" classname="com.vrt.testcases.assetHubAssetCreationTest"/>
  <testcase name="ASSTHB012b" time="21.644" classname="com.vrt.testcases.assetHubAssetCreationTest"/>
  <testcase name="ASSTHB012a" time="46.440" classname="com.vrt.testcases.assetHubAssetCreationTest"/>
  <testcase name="ASSTHB012a" time="50.233" classname="com.vrt.testcases.assetHubAssetCreationTest"/>
  <testcase name="ASSTHB012a" time="44.231" classname="com.vrt.testcases.assetHubAssetCreationTest"/>
  <testcase name="ASSTHB012a" time="50.840" classname="com.vrt.testcases.assetHubAssetCreationTest"/>
  <testcase name="ASSTHB012a" time="50.584" classname="com.vrt.testcases.assetHubAssetCreationTest"/>
  <testcase name="ASSTHB012a" time="32.733" classname="com.vrt.testcases.assetHubAssetCreationTest"/>
  <testcase name="ASSTHB012a" time="38.979" classname="com.vrt.testcases.assetHubAssetCreationTest"/>
  <testcase name="ASSTHB012a" time="45.935" classname="com.vrt.testcases.assetHubAssetCreationTest"/>
  <testcase name="ASSTHB012a" time="42.240" classname="com.vrt.testcases.assetHubAssetCreationTest"/>
  <testcase name="ASSTHB012a" time="41.610" classname="com.vrt.testcases.assetHubAssetCreationTest"/>
  <testcase name="ASSTHB012a" time="43.664" classname="com.vrt.testcases.assetHubAssetCreationTest"/>
  <testcase name="ASSTHB012a" time="47.868" classname="com.vrt.testcases.assetHubAssetCreationTest"/>
  <testcase name="ASSTHB012a" time="49.329" classname="com.vrt.testcases.assetHubAssetCreationTest"/>
  <testcase name="ASSTHB012a" time="48.699" classname="com.vrt.testcases.assetHubAssetCreationTest"/>
</testsuite> <!-- com.vrt.testcases.assetHubAssetCreationTest -->
