<?xml version="1.0" encoding="UTF-8"?>
<!-- Generated by org.testng.reporters.JUnitReportReporter -->
<testsuite skipped="0" hostname="INAS-LP024" name="com.vrt.testcases.UserPrivilagesTest" tests="1" failures="0" timestamp="2020-01-27T20:48:02 IST" time="30.770" errors="0">
  <testcase name="ADMN117A" time="30.770" classname="com.vrt.testcases.UserPrivilagesTest"/>
</testsuite> <!-- com.vrt.testcases.UserPrivilagesTest -->
