<?xml version="1.0" encoding="UTF-8"?>
<!-- Generated by org.testng.reporters.JUnitReportReporter -->
<testsuite skipped="0" hostname="INAS-LP024" name="com.vrt.testcases.assetHubTest" tests="5" failures="0" timestamp="12 Sep 2019 08:19:37 GMT" time="122.308" errors="0">
  <testcase name="ASST014" time="19.448" classname="com.vrt.testcases.assetHubTest"/>
  <testcase name="ASST011" time="25.947" classname="com.vrt.testcases.assetHubTest"/>
  <testcase name="ASST011" time="25.623" classname="com.vrt.testcases.assetHubTest"/>
  <testcase name="ASST011" time="26.021" classname="com.vrt.testcases.assetHubTest"/>
  <testcase name="ASST015" time="25.269" classname="com.vrt.testcases.assetHubTest"/>
</testsuite> <!-- com.vrt.testcases.assetHubTest -->
