<?xml version="1.0" encoding="UTF-8"?>
<!-- Generated by org.testng.reporters.JUnitReportReporter -->
<testsuite skipped="0" hostname="INAS-LP024" name="com.vrt.testcases.UserManagementTest" tests="2" failures="0" timestamp="2020-01-20T17:43:10 IST" time="28.739" errors="0">
  <testcase name="ADMN031" time="18.273" classname="com.vrt.testcases.UserManagementTest"/>
  <testcase name="ADMN006" time="10.466" classname="com.vrt.testcases.UserManagementTest"/>
</testsuite> <!-- com.vrt.testcases.UserManagementTest -->
