<?xml version="1.0" encoding="UTF-8"?>
<!-- Generated by org.testng.reporters.JUnitReportReporter -->
<testsuite skipped="0" hostname="INAS-LP024" name="com.vrt.testcases.HitNTrialTests" tests="3" failures="0" timestamp="12 Sep 2019 13:52:21 GMT" time="86.539" errors="0">
  <testcase name="fetchAssettypelist" time="27.864" classname="com.vrt.testcases.HitNTrialTests"/>
  <testcase name="fetchAssettypelist" time="30.110" classname="com.vrt.testcases.HitNTrialTests"/>
  <testcase name="fetchAssettypelist" time="28.565" classname="com.vrt.testcases.HitNTrialTests"/>
</testsuite> <!-- com.vrt.testcases.HitNTrialTests -->
