<?xml version="1.0" encoding="UTF-8"?>
<!-- Generated by org.testng.reporters.JUnitReportReporter -->
<testsuite skipped="0" hostname="INAS-LP024" name="com.vrt.testcases.customized_UserPrivilagesTest" tests="40" failures="0" timestamp="2020-01-30T22:30:33 IST" time="707.186" errors="0">
  <testcase name="CADMN17" time="10.077" classname="com.vrt.testcases.customized_UserPrivilagesTest"/>
  <testcase name="CADMN25" time="13.376" classname="com.vrt.testcases.customized_UserPrivilagesTest"/>
  <testcase name="CADMN34" time="33.727" classname="com.vrt.testcases.customized_UserPrivilagesTest"/>
  <testcase name="CADMN29" time="12.051" classname="com.vrt.testcases.customized_UserPrivilagesTest"/>
  <testcase name="CADMN12" time="14.132" classname="com.vrt.testcases.customized_UserPrivilagesTest"/>
  <testcase name="CADMN7" time="12.881" classname="com.vrt.testcases.customized_UserPrivilagesTest"/>
  <testcase name="CADMN27" time="13.146" classname="com.vrt.testcases.customized_UserPrivilagesTest"/>
  <testcase name="CADMN30" time="19.400" classname="com.vrt.testcases.customized_UserPrivilagesTest"/>
  <testcase name="CADMN23" time="24.924" classname="com.vrt.testcases.customized_UserPrivilagesTest"/>
  <testcase name="CADMN40" time="9.326" classname="com.vrt.testcases.customized_UserPrivilagesTest"/>
  <testcase name="CADMN31" time="25.554" classname="com.vrt.testcases.customized_UserPrivilagesTest"/>
  <testcase name="CADMN6" time="12.549" classname="com.vrt.testcases.customized_UserPrivilagesTest"/>
  <testcase name="CADMN14" time="13.546" classname="com.vrt.testcases.customized_UserPrivilagesTest"/>
  <testcase name="CADMN39" time="13.986" classname="com.vrt.testcases.customized_UserPrivilagesTest"/>
  <testcase name="CADMN8" time="12.959" classname="com.vrt.testcases.customized_UserPrivilagesTest"/>
  <testcase name="CADMN9" time="8.869" classname="com.vrt.testcases.customized_UserPrivilagesTest"/>
  <testcase name="CADMN19" time="35.637" classname="com.vrt.testcases.customized_UserPrivilagesTest"/>
  <testcase name="CADMN15" time="13.403" classname="com.vrt.testcases.customized_UserPrivilagesTest"/>
  <testcase name="CADMN13" time="59.229" classname="com.vrt.testcases.customized_UserPrivilagesTest"/>
  <testcase name="CADMN21" time="18.196" classname="com.vrt.testcases.customized_UserPrivilagesTest"/>
  <testcase name="CADMN28" time="15.354" classname="com.vrt.testcases.customized_UserPrivilagesTest"/>
  <testcase name="CADMN10" time="19.408" classname="com.vrt.testcases.customized_UserPrivilagesTest"/>
  <testcase name="CADMN16" time="15.915" classname="com.vrt.testcases.customized_UserPrivilagesTest"/>
  <testcase name="CADMN33" time="10.019" classname="com.vrt.testcases.customized_UserPrivilagesTest"/>
  <testcase name="CADMN32" time="24.864" classname="com.vrt.testcases.customized_UserPrivilagesTest"/>
  <testcase name="CADMN3" time="10.520" classname="com.vrt.testcases.customized_UserPrivilagesTest"/>
  <testcase name="CADMN35" time="14.415" classname="com.vrt.testcases.customized_UserPrivilagesTest"/>
  <testcase name="CADMN36" time="13.272" classname="com.vrt.testcases.customized_UserPrivilagesTest"/>
  <testcase name="CADMN18" time="12.530" classname="com.vrt.testcases.customized_UserPrivilagesTest"/>
  <testcase name="CADMN4" time="31.023" classname="com.vrt.testcases.customized_UserPrivilagesTest"/>
  <testcase name="CADMN20" time="14.467" classname="com.vrt.testcases.customized_UserPrivilagesTest"/>
  <testcase name="CADMN11" time="14.016" classname="com.vrt.testcases.customized_UserPrivilagesTest"/>
  <testcase name="CADMN1" time="14.979" classname="com.vrt.testcases.customized_UserPrivilagesTest"/>
  <testcase name="CADMN26" time="9.358" classname="com.vrt.testcases.customized_UserPrivilagesTest"/>
  <testcase name="CADMN37" time="12.792" classname="com.vrt.testcases.customized_UserPrivilagesTest"/>
  <testcase name="CADMN5" time="33.030" classname="com.vrt.testcases.customized_UserPrivilagesTest"/>
  <testcase name="CADMN24" time="13.246" classname="com.vrt.testcases.customized_UserPrivilagesTest"/>
  <testcase name="CADMN2" time="12.589" classname="com.vrt.testcases.customized_UserPrivilagesTest"/>
  <testcase name="CADMN22" time="25.439" classname="com.vrt.testcases.customized_UserPrivilagesTest"/>
  <testcase name="CADMN38" time="12.982" classname="com.vrt.testcases.customized_UserPrivilagesTest"/>
</testsuite> <!-- com.vrt.testcases.customized_UserPrivilagesTest -->
