<?xml version="1.0" encoding="UTF-8"?>
<!-- Generated by org.testng.reporters.JUnitReportReporter -->
<testsuite skipped="0" hostname="INAS-LP024" name="com.vrt.testcases.assetHubTest" tests="1" failures="0" timestamp="26 Aug 2019 13:52:19 GMT" time="11.782" errors="0">
  <testcase name="ASST010" time="11.782" classname="com.vrt.testcases.assetHubTest"/>
</testsuite> <!-- com.vrt.testcases.assetHubTest -->
