<?xml version="1.0" encoding="UTF-8"?>
<!-- Generated by org.testng.reporters.JUnitReportReporter -->
<testsuite skipped="0" hostname="INAS-LP024" name="com.vrt.testcases.assetCreationTest" tests="1" failures="0" timestamp="2019-11-19T19:37:02 IST" time="11.384" errors="0">
  <testcase name="ASST30a" time="11.384" classname="com.vrt.testcases.assetCreationTest"/>
</testsuite> <!-- com.vrt.testcases.assetCreationTest -->
