<?xml version="1.0" encoding="UTF-8"?>
<!-- Generated by org.testng.reporters.JUnitReportReporter -->
<testsuite skipped="0" hostname="INAS-LP024" name="com.vrt.testcases.assetCreationTest" tests="1" failures="0" timestamp="2020-03-19T17:52:23 IST" time="37.590" errors="0">
  <testcase name="ASST39" time="37.590" classname="com.vrt.testcases.assetCreationTest"/>
</testsuite> <!-- com.vrt.testcases.assetCreationTest -->
