<?xml version="1.0" encoding="UTF-8"?>
<!-- Generated by org.testng.reporters.JUnitReportReporter -->
<testsuite skipped="0" hostname="INAS-LP024" name="com.vrt.testcases.assetHubTest" tests="12" failures="0" timestamp="2019-12-30T22:37:10 IST" time="272.347" errors="0">
  <testcase name="ASSTHB007" time="10.854" classname="com.vrt.testcases.assetHubTest"/>
  <testcase name="ASSTHB010" time="26.818" classname="com.vrt.testcases.assetHubTest"/>
  <testcase name="ASSTHB011" time="23.567" classname="com.vrt.testcases.assetHubTest"/>
  <testcase name="ASSTHB003" time="8.871" classname="com.vrt.testcases.assetHubTest"/>
  <testcase name="ASSTHB006b" time="48.347" classname="com.vrt.testcases.assetHubTest"/>
  <testcase name="ASSTHB009" time="20.879" classname="com.vrt.testcases.assetHubTest"/>
  <testcase name="ASSTHB005" time="11.939" classname="com.vrt.testcases.assetHubTest"/>
  <testcase name="ASSTHB004" time="8.950" classname="com.vrt.testcases.assetHubTest"/>
  <testcase name="ASSTHB008" time="56.318" classname="com.vrt.testcases.assetHubTest"/>
  <testcase name="ASSTHB001" time="9.331" classname="com.vrt.testcases.assetHubTest"/>
  <testcase name="ASSTHB002" time="9.381" classname="com.vrt.testcases.assetHubTest"/>
  <testcase name="ASSTHB006a" time="37.092" classname="com.vrt.testcases.assetHubTest"/>
</testsuite> <!-- com.vrt.testcases.assetHubTest -->
