<?xml version="1.0" encoding="UTF-8"?>
<!-- Generated by org.testng.reporters.JUnitReportReporter -->
<testsuite skipped="0" hostname="INAS-LP024" name="com.vrt.testcases.assetDetailsTest" tests="1" failures="0" timestamp="2020-02-04T17:40:23 IST" time="9.496" errors="0">
  <testcase name="ASST016" time="9.496" classname="com.vrt.testcases.assetDetailsTest"/>
</testsuite> <!-- com.vrt.testcases.assetDetailsTest -->
