<?xml version="1.0" encoding="UTF-8"?>
<!-- Generated by org.testng.reporters.JUnitReportReporter -->
<testsuite skipped="0" hostname="INAS-LP024" name="com.vrt.testcases.setup_defineSetupTest" tests="1" failures="0" timestamp="2020-01-21T20:57:47 IST" time="20.683" errors="0">
  <testcase name="SET008" time="20.683" classname="com.vrt.testcases.setup_defineSetupTest"/>
</testsuite> <!-- com.vrt.testcases.setup_defineSetupTest -->
