<?xml version="1.0" encoding="UTF-8"?>
<!-- Generated by org.testng.reporters.JUnitReportReporter -->
<testsuite skipped="0" hostname="INAS-LP024" name="com.vrt.testcases.LoginTest" tests="17" failures="1" timestamp="2019-10-28T20:16:56 IST" time="252.494" errors="0">
  <testcase name="LOGIN_014" time="13.747" classname="com.vrt.testcases.LoginTest"/>
  <testcase name="LOGIN_009" time="15.136" classname="com.vrt.testcases.LoginTest"/>
  <testcase name="LOGIN_017_018" time="33.201" classname="com.vrt.testcases.LoginTest"/>
  <testcase name="LOGIN_008" time="2.904" classname="com.vrt.testcases.LoginTest"/>
  <testcase name="LOGIN_004" time="4.217" classname="com.vrt.testcases.LoginTest"/>
  <testcase name="LOGIN_001" time="8.691" classname="com.vrt.testcases.LoginTest"/>
  <testcase name="LOGIN_013" time="6.723" classname="com.vrt.testcases.LoginTest"/>
  <testcase name="LOGIN_010" time="3.908" classname="com.vrt.testcases.LoginTest">
    <failure type="java.lang.AssertionError" message="The following asserts failed:
	FAIL: The 1st User is allowed to Change its PW on 1st time Login expected [false] but found [true]">
      <![CDATA[java.lang.AssertionError: The following asserts failed:
FAIL: The 1st User is allowed to Change its PW on 1st time Login expected [false] but found [true]
at org.testng.asserts.SoftAssert.assertAll(SoftAssert.java:47)
at org.testng.asserts.SoftAssert.assertAll(SoftAssert.java:31)
at com.vrt.testcases.LoginTest.LOGIN_010(LoginTest.java:275)
at sun.reflect.NativeMethodAccessorImpl.invoke0(Native Method)
at sun.reflect.NativeMethodAccessorImpl.invoke(NativeMethodAccessorImpl.java:62)
at sun.reflect.DelegatingMethodAccessorImpl.invoke(DelegatingMethodAccessorImpl.java:43)
at java.lang.reflect.Method.invoke(Method.java:498)
at org.testng.internal.MethodInvocationHelper.invokeMethod(MethodInvocationHelper.java:133)
at org.testng.internal.TestInvoker.invokeMethod(TestInvoker.java:584)
at org.testng.internal.TestInvoker.invokeTestMethod(TestInvoker.java:172)
at org.testng.internal.MethodRunner.runInSequence(MethodRunner.java:46)
at org.testng.internal.TestInvoker$MethodInvocationAgent.invoke(TestInvoker.java:804)
at org.testng.internal.TestInvoker.invokeTestMethods(TestInvoker.java:145)
at org.testng.internal.TestMethodWorker.invokeTestMethods(TestMethodWorker.java:146)
at org.testng.internal.TestMethodWorker.run(TestMethodWorker.java:128)
at java.util.ArrayList.forEach(ArrayList.java:1257)
at org.testng.TestRunner.privateRun(TestRunner.java:770)
at org.testng.TestRunner.run(TestRunner.java:591)
at org.testng.SuiteRunner.runTest(SuiteRunner.java:402)
at org.testng.SuiteRunner.runSequentially(SuiteRunner.java:396)
at org.testng.SuiteRunner.privateRun(SuiteRunner.java:355)
at org.testng.SuiteRunner.run(SuiteRunner.java:304)
at org.testng.SuiteRunnerWorker.runSuite(SuiteRunnerWorker.java:53)
at org.testng.SuiteRunnerWorker.run(SuiteRunnerWorker.java:96)
at org.testng.TestNG.runSuitesSequentially(TestNG.java:1180)
at org.testng.TestNG.runSuitesLocally(TestNG.java:1102)
at org.testng.TestNG.runSuites(TestNG.java:1032)
at org.testng.TestNG.run(TestNG.java:1000)
at org.testng.remote.AbstractRemoteTestNG.run(AbstractRemoteTestNG.java:115)
at org.testng.remote.RemoteTestNG.initAndRun(RemoteTestNG.java:251)
at org.testng.remote.RemoteTestNG.main(RemoteTestNG.java:77)
]]>
    </failure>
  </testcase> <!-- LOGIN_010 -->
  <testcase name="LOGIN_005" time="18.936" classname="com.vrt.testcases.LoginTest"/>
  <testcase name="LOGIN_015" time="10.968" classname="com.vrt.testcases.LoginTest"/>
  <testcase name="LOGIN_016" time="15.332" classname="com.vrt.testcases.LoginTest"/>
  <testcase name="LOGIN_019" time="34.608" classname="com.vrt.testcases.LoginTest"/>
  <testcase name="LOGIN_012" time="10.416" classname="com.vrt.testcases.LoginTest"/>
  <testcase name="LOGIN_020" time="61.219" classname="com.vrt.testcases.LoginTest"/>
  <testcase name="LOGIN_003" time="3.184" classname="com.vrt.testcases.LoginTest"/>
  <testcase name="LOGIN_002" time="3.141" classname="com.vrt.testcases.LoginTest"/>
  <testcase name="LOGIN_007" time="6.163" classname="com.vrt.testcases.LoginTest"/>
</testsuite> <!-- com.vrt.testcases.LoginTest -->
