<?xml version="1.0" encoding="UTF-8"?>
<!-- Generated by org.testng.reporters.JUnitReportReporter -->
<testsuite skipped="0" hostname="INAS-LP024" name="com.vrt.testcases.UserManagementTest" tests="2" failures="0" timestamp="2020-03-26T23:11:11 IST" time="51.576" errors="0">
  <testcase name="ADMN033" time="16.659" classname="com.vrt.testcases.UserManagementTest"/>
  <testcase name="ADMN032A" time="34.917" classname="com.vrt.testcases.UserManagementTest"/>
</testsuite> <!-- com.vrt.testcases.UserManagementTest -->
