<?xml version="1.0" encoding="UTF-8"?>
<!-- Generated by org.testng.reporters.JUnitReportReporter -->
<testsuite skipped="0" hostname="INAS-LP024" name="com.vrt.testcases.setup_defineSetupTest" tests="1" failures="0" timestamp="2020-02-08T21:18:57 IST" time="15.646" errors="0">
  <testcase name="ESET002" time="15.646" classname="com.vrt.testcases.setup_defineSetupTest"/>
</testsuite> <!-- com.vrt.testcases.setup_defineSetupTest -->
