<?xml version="1.0" encoding="UTF-8"?>
<!-- Generated by org.testng.reporters.JUnitReportReporter -->
<testsuite skipped="0" hostname="INAS-LP024" name="com.vrt.testcases.assetCreationTest" tests="1" failures="0" timestamp="2019-11-01T13:06:09 IST" time="64.777" errors="0">
  <testcase name="ASST11" time="64.777" classname="com.vrt.testcases.assetCreationTest"/>
</testsuite> <!-- com.vrt.testcases.assetCreationTest -->
