<?xml version="1.0" encoding="UTF-8"?>
<!-- Generated by org.testng.reporters.JUnitReportReporter -->
<testsuite skipped="0" hostname="INAS-LP024" name="com.vrt.testcases.assetCreationTest" tests="1" failures="0" timestamp="2019-11-12T19:44:41 IST" time="29.656" errors="0">
  <testcase name="ASST46c" time="29.656" classname="com.vrt.testcases.assetCreationTest"/>
</testsuite> <!-- com.vrt.testcases.assetCreationTest -->
