<?xml version="1.0" encoding="UTF-8"?>
<!-- Generated by org.testng.reporters.JUnitReportReporter -->
<testsuite skipped="0" hostname="INAS-LP024" name="com.vrt.testcases.assetDetailsTest" tests="1" failures="0" timestamp="28 Sep 2019 14:53:05 GMT" time="12.879" errors="0">
  <testcase name="ASST034" time="12.879" classname="com.vrt.testcases.assetDetailsTest"/>
</testsuite> <!-- com.vrt.testcases.assetDetailsTest -->
