<?xml version="1.0" encoding="UTF-8"?>
<!-- Generated by org.testng.reporters.JUnitReportReporter -->
<testsuite skipped="0" hostname="INAS-LP024" name="com.vrt.testcases.LoginTest" tests="1" failures="0" timestamp="2020-02-04T17:40:23 IST" time="9.011" errors="0">
  <testcase name="LOGIN_001" time="9.011" classname="com.vrt.testcases.LoginTest"/>
</testsuite> <!-- com.vrt.testcases.LoginTest -->
