<?xml version="1.0" encoding="UTF-8"?>
<!-- Generated by org.testng.reporters.JUnitReportReporter -->
<testsuite skipped="0" hostname="INAS-LP024" name="com.vrt.testcases.setup_defineSetupTest" tests="1" failures="0" timestamp="05 Oct 2019 17:54:50 GMT" time="14.487" errors="0">
  <testcase name="SET031" time="14.487" classname="com.vrt.testcases.setup_defineSetupTest"/>
</testsuite> <!-- com.vrt.testcases.setup_defineSetupTest -->
