<?xml version="1.0" encoding="UTF-8"?>
<!-- Generated by org.testng.reporters.JUnitReportReporter -->
<testsuite skipped="0" hostname="INAS-LP024" name="com.vrt.testcases.setup_Creation" tests="1" failures="0" timestamp="2020-03-04T20:26:10 IST" time="55.695" errors="0">
  <testcase name="multiplr_SetupsCreation" time="55.695" classname="com.vrt.testcases.setup_Creation"/>
</testsuite> <!-- com.vrt.testcases.setup_Creation -->
