<?xml version="1.0" encoding="UTF-8"?>
<!-- Generated by org.testng.reporters.JUnitReportReporter -->
<testsuite skipped="0" hostname="INAS-LP024" name="com.vrt.testcases.setup_SensorConfigTest" tests="1" failures="0" timestamp="2020-01-21T20:23:12 IST" time="29.658" errors="0">
  <testcase name="SC065_2" time="29.658" classname="com.vrt.testcases.setup_SensorConfigTest"/>
</testsuite> <!-- com.vrt.testcases.setup_SensorConfigTest -->
