<?xml version="1.0" encoding="UTF-8"?>
<!-- Generated by org.testng.reporters.JUnitReportReporter -->
<testsuite skipped="0" hostname="INAS-LP024" name="com.vrt.testcases.assetHubTest" tests="6" failures="1" timestamp="20 Aug 2019 15:23:00 GMT" time="54.299" errors="0">
  <testcase name="ASST007" time="9.841" classname="com.vrt.testcases.assetHubTest"/>
  <testcase name="ASST006" time="10.548" classname="com.vrt.testcases.assetHubTest"/>
  <testcase name="ASST002" time="8.286" classname="com.vrt.testcases.assetHubTest">
    <failure type="java.lang.AssertionError" message="The following asserts failed:
	FAIL: TC-ASST002 -Already assets present in the system which suggests its not an Fresh Installation may have been upgraded expected [0] but found [8]">
      <![CDATA[java.lang.AssertionError: The following asserts failed:
FAIL: TC-ASST002 -Already assets present in the system which suggests its not an Fresh Installation may have been upgraded expected [0] but found [8]
at org.testng.asserts.SoftAssert.assertAll(SoftAssert.java:43)
at com.vrt.testcases.assetHubTest.ASST002(assetHubTest.java:130)
at sun.reflect.NativeMethodAccessorImpl.invoke0(Native Method)
at sun.reflect.NativeMethodAccessorImpl.invoke(NativeMethodAccessorImpl.java:62)
at sun.reflect.DelegatingMethodAccessorImpl.invoke(DelegatingMethodAccessorImpl.java:43)
at java.lang.reflect.Method.invoke(Method.java:498)
at org.testng.internal.MethodInvocationHelper.invokeMethod(MethodInvocationHelper.java:124)
at org.testng.internal.Invoker.invokeMethod(Invoker.java:583)
at org.testng.internal.Invoker.invokeTestMethod(Invoker.java:719)
at org.testng.internal.Invoker.invokeTestMethods(Invoker.java:989)
at org.testng.internal.TestMethodWorker.invokeTestMethods(TestMethodWorker.java:125)
at org.testng.internal.TestMethodWorker.run(TestMethodWorker.java:109)
at org.testng.TestRunner.privateRun(TestRunner.java:648)
at org.testng.TestRunner.run(TestRunner.java:505)
at org.testng.SuiteRunner.runTest(SuiteRunner.java:455)
at org.testng.SuiteRunner.runSequentially(SuiteRunner.java:450)
at org.testng.SuiteRunner.privateRun(SuiteRunner.java:415)
at org.testng.SuiteRunner.run(SuiteRunner.java:364)
at org.testng.SuiteRunnerWorker.runSuite(SuiteRunnerWorker.java:52)
at org.testng.SuiteRunnerWorker.run(SuiteRunnerWorker.java:84)
at org.testng.TestNG.runSuitesSequentially(TestNG.java:1208)
at org.testng.TestNG.runSuitesLocally(TestNG.java:1137)
at org.testng.TestNG.runSuites(TestNG.java:1049)
at org.testng.TestNG.run(TestNG.java:1017)
at org.testng.remote.AbstractRemoteTestNG.run(AbstractRemoteTestNG.java:115)
at org.testng.remote.RemoteTestNG.initAndRun(RemoteTestNG.java:251)
at org.testng.remote.RemoteTestNG.main(RemoteTestNG.java:77)
]]>
    </failure>
  </testcase> <!-- ASST002 -->
  <testcase name="ASST004" time="8.306" classname="com.vrt.testcases.assetHubTest"/>
  <testcase name="ASST005" time="8.980" classname="com.vrt.testcases.assetHubTest"/>
  <testcase name="ASST001" time="8.338" classname="com.vrt.testcases.assetHubTest"/>
</testsuite> <!-- com.vrt.testcases.assetHubTest -->
