<?xml version="1.0" encoding="UTF-8"?>
<!-- Generated by org.testng.reporters.JUnitReportReporter -->
<testsuite skipped="0" hostname="INAS-LP024" name="com.vrt.testcases.HitNTrialTests" tests="1" failures="0" timestamp="22 Jul 2019 14:32:21 GMT" time="13.314" errors="0">
  <testcase name="fetchAssetlist" time="13.314" classname="com.vrt.testcases.HitNTrialTests"/>
</testsuite> <!-- com.vrt.testcases.HitNTrialTests -->
