<?xml version="1.0" encoding="UTF-8"?>
<!-- Generated by org.testng.reporters.JUnitReportReporter -->
<testsuite skipped="0" hostname="INAS-LP024" name="com.vrt.testcases.assetCreationTest" tests="35" failures="0" timestamp="07 Jul 2019 12:29:16 GMT" time="509.227" errors="0">
  <testcase name="ASST103a" time="14.660" classname="com.vrt.testcases.assetCreationTest"/>
  <testcase name="ASST103a" time="14.788" classname="com.vrt.testcases.assetCreationTest"/>
  <testcase name="ASST103a" time="14.543" classname="com.vrt.testcases.assetCreationTest"/>
  <testcase name="ASST103a" time="14.724" classname="com.vrt.testcases.assetCreationTest"/>
  <testcase name="ASST103a" time="14.484" classname="com.vrt.testcases.assetCreationTest"/>
  <testcase name="ASST103a" time="14.599" classname="com.vrt.testcases.assetCreationTest"/>
  <testcase name="ASST103a" time="14.598" classname="com.vrt.testcases.assetCreationTest"/>
  <testcase name="ASST103a" time="14.589" classname="com.vrt.testcases.assetCreationTest"/>
  <testcase name="ASST103a" time="14.653" classname="com.vrt.testcases.assetCreationTest"/>
  <testcase name="ASST103a" time="14.590" classname="com.vrt.testcases.assetCreationTest"/>
  <testcase name="ASST101b" time="14.510" classname="com.vrt.testcases.assetCreationTest"/>
  <testcase name="ASST103a" time="14.723" classname="com.vrt.testcases.assetCreationTest"/>
  <testcase name="ASST102" time="12.107" classname="com.vrt.testcases.assetCreationTest"/>
  <testcase name="ASST103a" time="14.902" classname="com.vrt.testcases.assetCreationTest"/>
  <testcase name="ASST103a" time="14.615" classname="com.vrt.testcases.assetCreationTest"/>
  <testcase name="ASST103a" time="14.641" classname="com.vrt.testcases.assetCreationTest"/>
  <testcase name="ASST101b" time="14.458" classname="com.vrt.testcases.assetCreationTest"/>
  <testcase name="ASST103a" time="14.607" classname="com.vrt.testcases.assetCreationTest"/>
  <testcase name="ASST103a" time="14.639" classname="com.vrt.testcases.assetCreationTest"/>
  <testcase name="ASST101b" time="14.605" classname="com.vrt.testcases.assetCreationTest"/>
  <testcase name="ASST101b" time="14.634" classname="com.vrt.testcases.assetCreationTest"/>
  <testcase name="ASST103a" time="14.552" classname="com.vrt.testcases.assetCreationTest"/>
  <testcase name="ASST101b" time="14.527" classname="com.vrt.testcases.assetCreationTest"/>
  <testcase name="ASST103a" time="14.616" classname="com.vrt.testcases.assetCreationTest"/>
  <testcase name="ASST103a" time="14.537" classname="com.vrt.testcases.assetCreationTest"/>
  <testcase name="ASST103a" time="14.571" classname="com.vrt.testcases.assetCreationTest"/>
  <testcase name="ASST103a" time="14.678" classname="com.vrt.testcases.assetCreationTest"/>
  <testcase name="ASST101b" time="14.612" classname="com.vrt.testcases.assetCreationTest"/>
  <testcase name="ASST103a" time="14.686" classname="com.vrt.testcases.assetCreationTest"/>
  <testcase name="ASST103a" time="14.460" classname="com.vrt.testcases.assetCreationTest"/>
  <testcase name="ASST103a" time="14.601" classname="com.vrt.testcases.assetCreationTest"/>
  <testcase name="ASST103a" time="14.783" classname="com.vrt.testcases.assetCreationTest"/>
  <testcase name="ASST103a" time="14.679" classname="com.vrt.testcases.assetCreationTest"/>
  <testcase name="ASST101b" time="14.539" classname="com.vrt.testcases.assetCreationTest"/>
  <testcase name="ASST101b" time="14.717" classname="com.vrt.testcases.assetCreationTest"/>
</testsuite> <!-- com.vrt.testcases.assetCreationTest -->
