<?xml version="1.0" encoding="UTF-8"?>
<!-- Generated by org.testng.reporters.JUnitReportReporter -->
<testsuite skipped="0" hostname="INAS-LP024" name="com.vrt.testcases.UserManagementTest" tests="7" failures="0" timestamp="2020-01-27T19:07:37 IST" time="160.983" errors="0">
  <testcase name="ADMN069A" time="20.805" classname="com.vrt.testcases.UserManagementTest"/>
  <testcase name="ADMN069B" time="26.788" classname="com.vrt.testcases.UserManagementTest"/>
  <testcase name="ADMN069F" time="16.788" classname="com.vrt.testcases.UserManagementTest"/>
  <testcase name="ADMN069C" time="16.707" classname="com.vrt.testcases.UserManagementTest"/>
  <testcase name="ADMN069E" time="31.554" classname="com.vrt.testcases.UserManagementTest"/>
  <testcase name="ADMN069D" time="21.595" classname="com.vrt.testcases.UserManagementTest"/>
  <testcase name="ADMN069" time="26.746" classname="com.vrt.testcases.UserManagementTest"/>
</testsuite> <!-- com.vrt.testcases.UserManagementTest -->
