<?xml version="1.0" encoding="UTF-8"?>
<!-- Generated by org.testng.reporters.JUnitReportReporter -->
<testsuite skipped="0" hostname="INAS-LP024" name="com.vrt.testcases.LoginTest" tests="2" failures="0" timestamp="2019-12-01T23:05:27 IST" time="21.781" errors="0">
  <testcase name="LOGIN_001" time="12.133" classname="com.vrt.testcases.LoginTest"/>
  <testcase name="LOGIN_001b" time="9.648" classname="com.vrt.testcases.LoginTest"/>
</testsuite> <!-- com.vrt.testcases.LoginTest -->
