<?xml version="1.0" encoding="UTF-8"?>
<!-- Generated by org.testng.reporters.JUnitReportReporter -->
<testsuite skipped="1" hostname="INAS-LP024" name="com.vrt.testcases.HitNTrialTests" tests="1" failures="0" timestamp="2020-03-16T00:09:29 IST" time="0.000" errors="0">
  <testcase name="multiplr_SetupsCreation" time="0.000" classname="com.vrt.testcases.HitNTrialTests">
    <skipped/>
  </testcase> <!-- multiplr_SetupsCreation -->
</testsuite> <!-- com.vrt.testcases.HitNTrialTests -->
