<?xml version="1.0" encoding="UTF-8"?>
<!-- Generated by org.testng.reporters.JUnitReportReporter -->
<testsuite skipped="281" hostname="INAS-LP024" name="com.vrt.testcases.assetCreationTest" tests="283" failures="0" timestamp="29 Jul 2019 14:13:44 GMT" time="17.444" errors="2">
  <testcase name="ASST112" time="0.000" classname="com.vrt.testcases.assetCreationTest">
    <skipped/>
  </testcase> <!-- ASST112 -->
  <testcase name="ASST129" time="0.000" classname="com.vrt.testcases.assetCreationTest">
    <skipped/>
  </testcase> <!-- ASST129 -->
  <testcase name="ASST132" time="0.000" classname="com.vrt.testcases.assetCreationTest">
    <skipped/>
  </testcase> <!-- ASST132 -->
  <testcase name="ASST112" time="0.000" classname="com.vrt.testcases.assetCreationTest">
    <skipped/>
  </testcase> <!-- ASST112 -->
  <testcase name="ASST117b" time="0.000" classname="com.vrt.testcases.assetCreationTest">
    <skipped/>
  </testcase> <!-- ASST117b -->
  <testcase name="ASST122a" time="0.000" classname="com.vrt.testcases.assetCreationTest">
    <skipped/>
  </testcase> <!-- ASST122a -->
  <testcase name="ASST122a" time="0.000" classname="com.vrt.testcases.assetCreationTest">
    <skipped/>
  </testcase> <!-- ASST122a -->
  <testcase name="ASST122a" time="0.000" classname="com.vrt.testcases.assetCreationTest">
    <skipped/>
  </testcase> <!-- ASST122a -->
  <testcase name="ASST113" time="0.000" classname="com.vrt.testcases.assetCreationTest">
    <skipped/>
  </testcase> <!-- ASST113 -->
  <testcase name="ASST103a" time="0.000" classname="com.vrt.testcases.assetCreationTest">
    <skipped/>
  </testcase> <!-- ASST103a -->
  <testcase name="ASST122a" time="0.000" classname="com.vrt.testcases.assetCreationTest">
    <skipped/>
  </testcase> <!-- ASST122a -->
  <testcase name="ASST107a" time="0.000" classname="com.vrt.testcases.assetCreationTest">
    <skipped/>
  </testcase> <!-- ASST107a -->
  <testcase name="ASST111b" time="0.000" classname="com.vrt.testcases.assetCreationTest">
    <skipped/>
  </testcase> <!-- ASST111b -->
  <testcase name="ASST135" time="0.000" classname="com.vrt.testcases.assetCreationTest">
    <skipped/>
  </testcase> <!-- ASST135 -->
  <testcase name="ASST107a" time="0.000" classname="com.vrt.testcases.assetCreationTest">
    <skipped/>
  </testcase> <!-- ASST107a -->
  <testcase name="ASST103b" time="0.000" classname="com.vrt.testcases.assetCreationTest">
    <skipped/>
  </testcase> <!-- ASST103b -->
  <testcase name="ASST113" time="0.000" classname="com.vrt.testcases.assetCreationTest">
    <skipped/>
  </testcase> <!-- ASST113 -->
  <testcase name="ASST108" time="0.000" classname="com.vrt.testcases.assetCreationTest">
    <skipped/>
  </testcase> <!-- ASST108 -->
  <testcase name="ASST134a" time="0.000" classname="com.vrt.testcases.assetCreationTest">
    <skipped/>
  </testcase> <!-- ASST134a -->
  <testcase name="ASST107a" time="0.000" classname="com.vrt.testcases.assetCreationTest">
    <skipped/>
  </testcase> <!-- ASST107a -->
  <testcase name="ASST111b" time="0.000" classname="com.vrt.testcases.assetCreationTest">
    <skipped/>
  </testcase> <!-- ASST111b -->
  <testcase name="ASST134a" time="0.000" classname="com.vrt.testcases.assetCreationTest">
    <skipped/>
  </testcase> <!-- ASST134a -->
  <testcase name="ASST113" time="0.000" classname="com.vrt.testcases.assetCreationTest">
    <skipped/>
  </testcase> <!-- ASST113 -->
  <testcase name="ASST101a" time="0.000" classname="com.vrt.testcases.assetCreationTest">
    <skipped/>
  </testcase> <!-- ASST101a -->
  <testcase name="ASST122a" time="0.000" classname="com.vrt.testcases.assetCreationTest">
    <skipped/>
  </testcase> <!-- ASST122a -->
  <testcase name="ASST107b" time="0.000" classname="com.vrt.testcases.assetCreationTest">
    <skipped/>
  </testcase> <!-- ASST107b -->
  <testcase name="ASST117b" time="0.000" classname="com.vrt.testcases.assetCreationTest">
    <skipped/>
  </testcase> <!-- ASST117b -->
  <testcase name="ASST122a" time="0.000" classname="com.vrt.testcases.assetCreationTest">
    <skipped/>
  </testcase> <!-- ASST122a -->
  <testcase name="ASST112" time="0.000" classname="com.vrt.testcases.assetCreationTest">
    <skipped/>
  </testcase> <!-- ASST112 -->
  <testcase name="ASST107b" time="0.000" classname="com.vrt.testcases.assetCreationTest">
    <skipped/>
  </testcase> <!-- ASST107b -->
  <testcase name="ASST134a" time="0.000" classname="com.vrt.testcases.assetCreationTest">
    <skipped/>
  </testcase> <!-- ASST134a -->
  <testcase name="ASST117a" time="0.000" classname="com.vrt.testcases.assetCreationTest">
    <skipped/>
  </testcase> <!-- ASST117a -->
  <testcase name="ASST117a" time="0.000" classname="com.vrt.testcases.assetCreationTest">
    <skipped/>
  </testcase> <!-- ASST117a -->
  <testcase name="ASST117b" time="0.000" classname="com.vrt.testcases.assetCreationTest">
    <skipped/>
  </testcase> <!-- ASST117b -->
  <testcase name="ASST134a" time="0.000" classname="com.vrt.testcases.assetCreationTest">
    <skipped/>
  </testcase> <!-- ASST134a -->
  <testcase name="ASST106" time="0.000" classname="com.vrt.testcases.assetCreationTest">
    <skipped/>
  </testcase> <!-- ASST106 -->
  <testcase name="ASST117a" time="0.000" classname="com.vrt.testcases.assetCreationTest">
    <skipped/>
  </testcase> <!-- ASST117a -->
  <testcase name="ASST134b" time="0.000" classname="com.vrt.testcases.assetCreationTest">
    <skipped/>
  </testcase> <!-- ASST134b -->
  <testcase name="ASST107a" time="0.000" classname="com.vrt.testcases.assetCreationTest">
    <skipped/>
  </testcase> <!-- ASST107a -->
  <testcase name="ASST122b" time="0.000" classname="com.vrt.testcases.assetCreationTest">
    <skipped/>
  </testcase> <!-- ASST122b -->
  <testcase name="ASST107a" time="0.000" classname="com.vrt.testcases.assetCreationTest">
    <skipped/>
  </testcase> <!-- ASST107a -->
  <testcase name="ASST103a" time="0.000" classname="com.vrt.testcases.assetCreationTest">
    <skipped/>
  </testcase> <!-- ASST103a -->
  <testcase name="ASST103b" time="0.000" classname="com.vrt.testcases.assetCreationTest">
    <skipped/>
  </testcase> <!-- ASST103b -->
  <testcase name="ASST101b" time="0.000" classname="com.vrt.testcases.assetCreationTest">
    <skipped/>
  </testcase> <!-- ASST101b -->
  <testcase name="ASST113" time="0.000" classname="com.vrt.testcases.assetCreationTest">
    <skipped/>
  </testcase> <!-- ASST113 -->
  <testcase name="ASST122a" time="0.000" classname="com.vrt.testcases.assetCreationTest">
    <skipped/>
  </testcase> <!-- ASST122a -->
  <testcase name="ASST134b" time="0.000" classname="com.vrt.testcases.assetCreationTest">
    <skipped/>
  </testcase> <!-- ASST134b -->
  <testcase name="ASST107a" time="0.000" classname="com.vrt.testcases.assetCreationTest">
    <skipped/>
  </testcase> <!-- ASST107a -->
  <testcase name="ASST112" time="0.000" classname="com.vrt.testcases.assetCreationTest">
    <skipped/>
  </testcase> <!-- ASST112 -->
  <testcase name="ASST117a" time="0.000" classname="com.vrt.testcases.assetCreationTest">
    <skipped/>
  </testcase> <!-- ASST117a -->
  <testcase name="ASST134b" time="0.000" classname="com.vrt.testcases.assetCreationTest">
    <skipped/>
  </testcase> <!-- ASST134b -->
  <testcase name="ASST107a" time="0.000" classname="com.vrt.testcases.assetCreationTest">
    <skipped/>
  </testcase> <!-- ASST107a -->
  <testcase name="ASST101a" time="0.000" classname="com.vrt.testcases.assetCreationTest">
    <skipped/>
  </testcase> <!-- ASST101a -->
  <testcase name="ASST113" time="0.000" classname="com.vrt.testcases.assetCreationTest">
    <skipped/>
  </testcase> <!-- ASST113 -->
  <testcase name="ASST113" time="0.000" classname="com.vrt.testcases.assetCreationTest">
    <skipped/>
  </testcase> <!-- ASST113 -->
  <testcase name="ASST101b" time="0.000" classname="com.vrt.testcases.assetCreationTest">
    <skipped/>
  </testcase> <!-- ASST101b -->
  <testcase name="ASST101a" time="0.000" classname="com.vrt.testcases.assetCreationTest">
    <skipped/>
  </testcase> <!-- ASST101a -->
  <testcase name="ASST113" time="0.000" classname="com.vrt.testcases.assetCreationTest">
    <skipped/>
  </testcase> <!-- ASST113 -->
  <testcase name="ASST122a" time="0.000" classname="com.vrt.testcases.assetCreationTest">
    <skipped/>
  </testcase> <!-- ASST122a -->
  <testcase name="ASST122a" time="0.000" classname="com.vrt.testcases.assetCreationTest">
    <skipped/>
  </testcase> <!-- ASST122a -->
  <testcase name="ASST101a" time="0.000" classname="com.vrt.testcases.assetCreationTest">
    <skipped/>
  </testcase> <!-- ASST101a -->
  <testcase name="ASST113" time="0.000" classname="com.vrt.testcases.assetCreationTest">
    <skipped/>
  </testcase> <!-- ASST113 -->
  <testcase name="ASST103a" time="0.000" classname="com.vrt.testcases.assetCreationTest">
    <skipped/>
  </testcase> <!-- ASST103a -->
  <testcase name="ASST117a" time="0.000" classname="com.vrt.testcases.assetCreationTest">
    <skipped/>
  </testcase> <!-- ASST117a -->
  <testcase name="ASST101b" time="0.000" classname="com.vrt.testcases.assetCreationTest">
    <skipped/>
  </testcase> <!-- ASST101b -->
  <testcase name="ASST117a" time="0.000" classname="com.vrt.testcases.assetCreationTest">
    <skipped/>
  </testcase> <!-- ASST117a -->
  <testcase name="ASST103a" time="0.000" classname="com.vrt.testcases.assetCreationTest">
    <skipped/>
  </testcase> <!-- ASST103a -->
  <testcase name="ASST107a" time="0.000" classname="com.vrt.testcases.assetCreationTest">
    <skipped/>
  </testcase> <!-- ASST107a -->
  <testcase name="AssetCreationSetup" time="17.444" classname="com.vrt.testcases.assetCreationTest">
    <error type="org.openqa.selenium.NoSuchElementException" message="An element could not be located on the page using the given search parameters. (WARNING: The server did not provide any stacktrace information)
Command duration or timeout: 0 milliseconds
For documentation on this error, please visit: https://www.seleniumhq.org/exceptions/no_such_element.html
Build info: version: &#039;3.141.59&#039;, revision: &#039;e82be7d358&#039;, time: &#039;2018-11-14T08:17:03&#039;
System info: host: &#039;INAS-LP024&#039;, ip: &#039;10.17.17.161&#039;, os.name: &#039;Windows 10&#039;, os.arch: &#039;amd64&#039;, os.version: &#039;10.0&#039;, java.version: &#039;1.8.0_181&#039;
Driver info: io.appium.java_client.windows.WindowsDriver
Capabilities {app: Kaye.ValProbeRT_racmveb2qnw..., javascriptEnabled: true, platform: WINDOWS, platformName: WINDOWS}
Session ID: 47759471-A795-4A9B-9832-B54F6A14EB52
*** Element info: {Using=accessibility id, value=UserDesignationTextBlock}">
      <![CDATA[org.openqa.selenium.NoSuchElementException: An element could not be located on the page using the given search parameters. (WARNING: The server did not provide any stacktrace information)
Command duration or timeout: 0 milliseconds
For documentation on this error, please visit: https://www.seleniumhq.org/exceptions/no_such_element.html
Build info: version: '3.141.59', revision: 'e82be7d358', time: '2018-11-14T08:17:03'
System info: host: 'INAS-LP024', ip: '10.17.17.161', os.name: 'Windows 10', os.arch: 'amd64', os.version: '10.0', java.version: '1.8.0_181'
Driver info: io.appium.java_client.windows.WindowsDriver
Capabilities {app: Kaye.ValProbeRT_racmveb2qnw..., javascriptEnabled: true, platform: WINDOWS, platformName: WINDOWS}
Session ID: 47759471-A795-4A9B-9832-B54F6A14EB52
*** Element info: {Using=accessibility id, value=UserDesignationTextBlock}
at sun.reflect.NativeConstructorAccessorImpl.newInstance0(Native Method)
at sun.reflect.NativeConstructorAccessorImpl.newInstance(NativeConstructorAccessorImpl.java:62)
at sun.reflect.DelegatingConstructorAccessorImpl.newInstance(DelegatingConstructorAccessorImpl.java:45)
at java.lang.reflect.Constructor.newInstance(Constructor.java:423)
at org.openqa.selenium.remote.ErrorHandler.createThrowable(ErrorHandler.java:214)
at org.openqa.selenium.remote.ErrorHandler.throwIfResponseFailed(ErrorHandler.java:166)
at org.openqa.selenium.remote.http.JsonHttpResponseCodec.reconstructValue(JsonHttpResponseCodec.java:40)
at org.openqa.selenium.remote.http.AbstractHttpResponseCodec.decode(AbstractHttpResponseCodec.java:80)
at org.openqa.selenium.remote.http.AbstractHttpResponseCodec.decode(AbstractHttpResponseCodec.java:44)
at org.openqa.selenium.remote.HttpCommandExecutor.execute(HttpCommandExecutor.java:158)
at io.appium.java_client.remote.AppiumCommandExecutor.execute(AppiumCommandExecutor.java:239)
at org.openqa.selenium.remote.RemoteWebDriver.execute(RemoteWebDriver.java:552)
at io.appium.java_client.DefaultGenericMobileDriver.execute(DefaultGenericMobileDriver.java:42)
at io.appium.java_client.AppiumDriver.execute(AppiumDriver.java:1)
at io.appium.java_client.windows.WindowsDriver.execute(WindowsDriver.java:1)
at org.openqa.selenium.remote.RemoteWebDriver.findElement(RemoteWebDriver.java:323)
at io.appium.java_client.DefaultGenericMobileDriver.findElement(DefaultGenericMobileDriver.java:62)
at io.appium.java_client.AppiumDriver.findElement(AppiumDriver.java:1)
at io.appium.java_client.windows.WindowsDriver.findElement(WindowsDriver.java:1)
at io.appium.java_client.FindsByAccessibilityId.findElementByAccessibilityId(FindsByAccessibilityId.java:37)
at com.vrt.pages.MainHubPage.<init>(MainHubPage.java:10)
at com.vrt.testcases.assetCreationTest.AssetCreationSetup(assetCreationTest.java:60)
at sun.reflect.NativeMethodAccessorImpl.invoke0(Native Method)
at sun.reflect.NativeMethodAccessorImpl.invoke(NativeMethodAccessorImpl.java:62)
at sun.reflect.DelegatingMethodAccessorImpl.invoke(DelegatingMethodAccessorImpl.java:43)
at java.lang.reflect.Method.invoke(Method.java:498)
at org.testng.internal.MethodInvocationHelper.invokeMethod(MethodInvocationHelper.java:124)
at org.testng.internal.MethodInvocationHelper.invokeMethodConsideringTimeout(MethodInvocationHelper.java:59)
at org.testng.internal.Invoker.invokeConfigurationMethod(Invoker.java:458)
at org.testng.internal.Invoker.invokeConfigurations(Invoker.java:222)
at org.testng.internal.Invoker.invokeConfigurations(Invoker.java:142)
at org.testng.internal.TestMethodWorker.invokeBeforeClassMethods(TestMethodWorker.java:168)
at org.testng.internal.TestMethodWorker.run(TestMethodWorker.java:105)
at org.testng.TestRunner.privateRun(TestRunner.java:648)
at org.testng.TestRunner.run(TestRunner.java:505)
at org.testng.SuiteRunner.runTest(SuiteRunner.java:455)
at org.testng.SuiteRunner.runSequentially(SuiteRunner.java:450)
at org.testng.SuiteRunner.privateRun(SuiteRunner.java:415)
at org.testng.SuiteRunner.run(SuiteRunner.java:364)
at org.testng.SuiteRunnerWorker.runSuite(SuiteRunnerWorker.java:52)
at org.testng.SuiteRunnerWorker.run(SuiteRunnerWorker.java:84)
at org.testng.TestNG.runSuitesSequentially(TestNG.java:1208)
at org.testng.TestNG.runSuitesLocally(TestNG.java:1137)
at org.testng.TestNG.runSuites(TestNG.java:1049)
at org.testng.TestNG.run(TestNG.java:1017)
at org.testng.remote.AbstractRemoteTestNG.run(AbstractRemoteTestNG.java:115)
at org.testng.remote.RemoteTestNG.initAndRun(RemoteTestNG.java:251)
at org.testng.remote.RemoteTestNG.main(RemoteTestNG.java:77)
]]>
    </error>
  </testcase> <!-- AssetCreationSetup -->
  <testcase name="ASST103a" time="0.000" classname="com.vrt.testcases.assetCreationTest">
    <skipped/>
  </testcase> <!-- ASST103a -->
  <testcase name="ASST122b" time="0.000" classname="com.vrt.testcases.assetCreationTest">
    <skipped/>
  </testcase> <!-- ASST122b -->
  <testcase name="ASST128" time="0.000" classname="com.vrt.testcases.assetCreationTest">
    <skipped/>
  </testcase> <!-- ASST128 -->
  <testcase name="ASST122a" time="0.000" classname="com.vrt.testcases.assetCreationTest">
    <skipped/>
  </testcase> <!-- ASST122a -->
  <testcase name="ASST122b" time="0.000" classname="com.vrt.testcases.assetCreationTest">
    <skipped/>
  </testcase> <!-- ASST122b -->
  <testcase name="ASST101a" time="0.000" classname="com.vrt.testcases.assetCreationTest">
    <skipped/>
  </testcase> <!-- ASST101a -->
  <testcase name="ASST117a" time="0.000" classname="com.vrt.testcases.assetCreationTest">
    <skipped/>
  </testcase> <!-- ASST117a -->
  <testcase name="ASST103a" time="0.000" classname="com.vrt.testcases.assetCreationTest">
    <skipped/>
  </testcase> <!-- ASST103a -->
  <testcase name="ASST130b" time="0.000" classname="com.vrt.testcases.assetCreationTest">
    <skipped/>
  </testcase> <!-- ASST130b -->
  <testcase name="ASST113" time="0.000" classname="com.vrt.testcases.assetCreationTest">
    <skipped/>
  </testcase> <!-- ASST113 -->
  <testcase name="ASST107a" time="0.000" classname="com.vrt.testcases.assetCreationTest">
    <skipped/>
  </testcase> <!-- ASST107a -->
  <testcase name="ASST103a" time="0.000" classname="com.vrt.testcases.assetCreationTest">
    <skipped/>
  </testcase> <!-- ASST103a -->
  <testcase name="ASST114" time="0.000" classname="com.vrt.testcases.assetCreationTest">
    <skipped/>
  </testcase> <!-- ASST114 -->
  <testcase name="ASST117a" time="0.000" classname="com.vrt.testcases.assetCreationTest">
    <skipped/>
  </testcase> <!-- ASST117a -->
  <testcase name="ASST134a" time="0.000" classname="com.vrt.testcases.assetCreationTest">
    <skipped/>
  </testcase> <!-- ASST134a -->
  <testcase name="ASST113" time="0.000" classname="com.vrt.testcases.assetCreationTest">
    <skipped/>
  </testcase> <!-- ASST113 -->
  <testcase name="ASST134a" time="0.000" classname="com.vrt.testcases.assetCreationTest">
    <skipped/>
  </testcase> <!-- ASST134a -->
  <testcase name="ASST122b" time="0.000" classname="com.vrt.testcases.assetCreationTest">
    <skipped/>
  </testcase> <!-- ASST122b -->
  <testcase name="ASST110" time="0.000" classname="com.vrt.testcases.assetCreationTest">
    <skipped/>
  </testcase> <!-- ASST110 -->
  <testcase name="ASST107a" time="0.000" classname="com.vrt.testcases.assetCreationTest">
    <skipped/>
  </testcase> <!-- ASST107a -->
  <testcase name="ASST107b" time="0.000" classname="com.vrt.testcases.assetCreationTest">
    <skipped/>
  </testcase> <!-- ASST107b -->
  <testcase name="ASST122a" time="0.000" classname="com.vrt.testcases.assetCreationTest">
    <skipped/>
  </testcase> <!-- ASST122a -->
  <testcase name="ASST107a" time="0.000" classname="com.vrt.testcases.assetCreationTest">
    <skipped/>
  </testcase> <!-- ASST107a -->
  <testcase name="ASST107a" time="0.000" classname="com.vrt.testcases.assetCreationTest">
    <skipped/>
  </testcase> <!-- ASST107a -->
  <testcase name="ASST100" time="0.000" classname="com.vrt.testcases.assetCreationTest">
    <skipped/>
  </testcase> <!-- ASST100 -->
  <testcase name="ASST103a" time="0.000" classname="com.vrt.testcases.assetCreationTest">
    <skipped/>
  </testcase> <!-- ASST103a -->
  <testcase name="ASST122a" time="0.000" classname="com.vrt.testcases.assetCreationTest">
    <skipped/>
  </testcase> <!-- ASST122a -->
  <testcase name="ASST107a" time="0.000" classname="com.vrt.testcases.assetCreationTest">
    <skipped/>
  </testcase> <!-- ASST107a -->
  <testcase name="ASST107a" time="0.000" classname="com.vrt.testcases.assetCreationTest">
    <skipped/>
  </testcase> <!-- ASST107a -->
  <testcase name="ASST111b" time="0.000" classname="com.vrt.testcases.assetCreationTest">
    <skipped/>
  </testcase> <!-- ASST111b -->
  <testcase name="ASST113" time="0.000" classname="com.vrt.testcases.assetCreationTest">
    <skipped/>
  </testcase> <!-- ASST113 -->
  <testcase name="ASST101a" time="0.000" classname="com.vrt.testcases.assetCreationTest">
    <skipped/>
  </testcase> <!-- ASST101a -->
  <testcase name="ASST113" time="0.000" classname="com.vrt.testcases.assetCreationTest">
    <skipped/>
  </testcase> <!-- ASST113 -->
  <testcase name="ASST122a" time="0.000" classname="com.vrt.testcases.assetCreationTest">
    <skipped/>
  </testcase> <!-- ASST122a -->
  <testcase name="ASST134a" time="0.000" classname="com.vrt.testcases.assetCreationTest">
    <skipped/>
  </testcase> <!-- ASST134a -->
  <testcase name="ASST112" time="0.000" classname="com.vrt.testcases.assetCreationTest">
    <skipped/>
  </testcase> <!-- ASST112 -->
  <testcase name="ASST130a" time="0.000" classname="com.vrt.testcases.assetCreationTest">
    <skipped/>
  </testcase> <!-- ASST130a -->
  <testcase name="ASST103a" time="0.000" classname="com.vrt.testcases.assetCreationTest">
    <skipped/>
  </testcase> <!-- ASST103a -->
  <testcase name="ASST113" time="0.000" classname="com.vrt.testcases.assetCreationTest">
    <skipped/>
  </testcase> <!-- ASST113 -->
  <testcase name="ASST112" time="0.000" classname="com.vrt.testcases.assetCreationTest">
    <skipped/>
  </testcase> <!-- ASST112 -->
  <testcase name="ASST103a" time="0.000" classname="com.vrt.testcases.assetCreationTest">
    <skipped/>
  </testcase> <!-- ASST103a -->
  <testcase name="ASST119" time="0.000" classname="com.vrt.testcases.assetCreationTest">
    <skipped/>
  </testcase> <!-- ASST119 -->
  <testcase name="ASST117a" time="0.000" classname="com.vrt.testcases.assetCreationTest">
    <skipped/>
  </testcase> <!-- ASST117a -->
  <testcase name="ASST101a" time="0.000" classname="com.vrt.testcases.assetCreationTest">
    <skipped/>
  </testcase> <!-- ASST101a -->
  <testcase name="ASST107a" time="0.000" classname="com.vrt.testcases.assetCreationTest">
    <skipped/>
  </testcase> <!-- ASST107a -->
  <testcase name="ASST101a" time="0.000" classname="com.vrt.testcases.assetCreationTest">
    <skipped/>
  </testcase> <!-- ASST101a -->
  <testcase name="ASST115" time="0.000" classname="com.vrt.testcases.assetCreationTest">
    <skipped/>
  </testcase> <!-- ASST115 -->
  <testcase name="ASST134a" time="0.000" classname="com.vrt.testcases.assetCreationTest">
    <skipped/>
  </testcase> <!-- ASST134a -->
  <testcase name="ASST117a" time="0.000" classname="com.vrt.testcases.assetCreationTest">
    <skipped/>
  </testcase> <!-- ASST117a -->
  <testcase name="ASST113" time="0.000" classname="com.vrt.testcases.assetCreationTest">
    <skipped/>
  </testcase> <!-- ASST113 -->
  <testcase name="ASST101a" time="0.000" classname="com.vrt.testcases.assetCreationTest">
    <skipped/>
  </testcase> <!-- ASST101a -->
  <testcase name="ASST103b" time="0.000" classname="com.vrt.testcases.assetCreationTest">
    <skipped/>
  </testcase> <!-- ASST103b -->
  <testcase name="ASST103b" time="0.000" classname="com.vrt.testcases.assetCreationTest">
    <skipped/>
  </testcase> <!-- ASST103b -->
  <testcase name="ASST103a" time="0.000" classname="com.vrt.testcases.assetCreationTest">
    <skipped/>
  </testcase> <!-- ASST103a -->
  <testcase name="ASST117a" time="0.000" classname="com.vrt.testcases.assetCreationTest">
    <skipped/>
  </testcase> <!-- ASST117a -->
  <testcase name="ASST122a" time="0.000" classname="com.vrt.testcases.assetCreationTest">
    <skipped/>
  </testcase> <!-- ASST122a -->
  <testcase name="ASST113" time="0.000" classname="com.vrt.testcases.assetCreationTest">
    <skipped/>
  </testcase> <!-- ASST113 -->
  <testcase name="ASST122a" time="0.000" classname="com.vrt.testcases.assetCreationTest">
    <skipped/>
  </testcase> <!-- ASST122a -->
  <testcase name="ASST134a" time="0.000" classname="com.vrt.testcases.assetCreationTest">
    <skipped/>
  </testcase> <!-- ASST134a -->
  <testcase name="ASST111b" time="0.000" classname="com.vrt.testcases.assetCreationTest">
    <skipped/>
  </testcase> <!-- ASST111b -->
  <testcase name="ASST101a" time="0.000" classname="com.vrt.testcases.assetCreationTest">
    <skipped/>
  </testcase> <!-- ASST101a -->
  <testcase name="ASST113" time="0.000" classname="com.vrt.testcases.assetCreationTest">
    <skipped/>
  </testcase> <!-- ASST113 -->
  <testcase name="ASST145" time="0.000" classname="com.vrt.testcases.assetCreationTest">
    <skipped/>
  </testcase> <!-- ASST145 -->
  <testcase name="ASST103a" time="0.000" classname="com.vrt.testcases.assetCreationTest">
    <skipped/>
  </testcase> <!-- ASST103a -->
  <testcase name="ASST101a" time="0.000" classname="com.vrt.testcases.assetCreationTest">
    <skipped/>
  </testcase> <!-- ASST101a -->
  <testcase name="ASST134a" time="0.000" classname="com.vrt.testcases.assetCreationTest">
    <skipped/>
  </testcase> <!-- ASST134a -->
  <testcase name="ASST104" time="0.000" classname="com.vrt.testcases.assetCreationTest">
    <skipped/>
  </testcase> <!-- ASST104 -->
  <testcase name="ASST122a" time="0.000" classname="com.vrt.testcases.assetCreationTest">
    <skipped/>
  </testcase> <!-- ASST122a -->
  <testcase name="ASST134a" time="0.000" classname="com.vrt.testcases.assetCreationTest">
    <skipped/>
  </testcase> <!-- ASST134a -->
  <testcase name="ASST101a" time="0.000" classname="com.vrt.testcases.assetCreationTest">
    <skipped/>
  </testcase> <!-- ASST101a -->
  <testcase name="ASST134a" time="0.000" classname="com.vrt.testcases.assetCreationTest">
    <skipped/>
  </testcase> <!-- ASST134a -->
  <testcase name="ASST134a" time="0.000" classname="com.vrt.testcases.assetCreationTest">
    <skipped/>
  </testcase> <!-- ASST134a -->
  <testcase name="ASST134a" time="0.000" classname="com.vrt.testcases.assetCreationTest">
    <skipped/>
  </testcase> <!-- ASST134a -->
  <testcase name="ASST101a" time="0.000" classname="com.vrt.testcases.assetCreationTest">
    <skipped/>
  </testcase> <!-- ASST101a -->
  <testcase name="ASST117a" time="0.000" classname="com.vrt.testcases.assetCreationTest">
    <skipped/>
  </testcase> <!-- ASST117a -->
  <testcase name="ASST101a" time="0.000" classname="com.vrt.testcases.assetCreationTest">
    <skipped/>
  </testcase> <!-- ASST101a -->
  <testcase name="ASST111b" time="0.000" classname="com.vrt.testcases.assetCreationTest">
    <skipped/>
  </testcase> <!-- ASST111b -->
  <testcase name="ASST118" time="0.000" classname="com.vrt.testcases.assetCreationTest">
    <skipped/>
  </testcase> <!-- ASST118 -->
  <testcase name="ASST117a" time="0.000" classname="com.vrt.testcases.assetCreationTest">
    <skipped/>
  </testcase> <!-- ASST117a -->
  <testcase name="ASST122b" time="0.000" classname="com.vrt.testcases.assetCreationTest">
    <skipped/>
  </testcase> <!-- ASST122b -->
  <testcase name="ASST107a" time="0.000" classname="com.vrt.testcases.assetCreationTest">
    <skipped/>
  </testcase> <!-- ASST107a -->
  <testcase name="ASST103a" time="0.000" classname="com.vrt.testcases.assetCreationTest">
    <skipped/>
  </testcase> <!-- ASST103a -->
  <testcase name="ASST107a" time="0.000" classname="com.vrt.testcases.assetCreationTest">
    <skipped/>
  </testcase> <!-- ASST107a -->
  <testcase name="ASST122b" time="0.000" classname="com.vrt.testcases.assetCreationTest">
    <skipped/>
  </testcase> <!-- ASST122b -->
  <testcase name="ASST120" time="0.000" classname="com.vrt.testcases.assetCreationTest">
    <skipped/>
  </testcase> <!-- ASST120 -->
  <testcase name="ASST101a" time="0.000" classname="com.vrt.testcases.assetCreationTest">
    <skipped/>
  </testcase> <!-- ASST101a -->
  <testcase name="ASST117a" time="0.000" classname="com.vrt.testcases.assetCreationTest">
    <skipped/>
  </testcase> <!-- ASST117a -->
  <testcase name="ASST117a" time="0.000" classname="com.vrt.testcases.assetCreationTest">
    <skipped/>
  </testcase> <!-- ASST117a -->
  <testcase name="ASST107a" time="0.000" classname="com.vrt.testcases.assetCreationTest">
    <skipped/>
  </testcase> <!-- ASST107a -->
  <testcase name="ASST134b" time="0.000" classname="com.vrt.testcases.assetCreationTest">
    <skipped/>
  </testcase> <!-- ASST134b -->
  <testcase name="ASST101b" time="0.000" classname="com.vrt.testcases.assetCreationTest">
    <skipped/>
  </testcase> <!-- ASST101b -->
  <testcase name="ASST122a" time="0.000" classname="com.vrt.testcases.assetCreationTest">
    <skipped/>
  </testcase> <!-- ASST122a -->
  <testcase name="ASST134a" time="0.000" classname="com.vrt.testcases.assetCreationTest">
    <skipped/>
  </testcase> <!-- ASST134a -->
  <testcase name="ASST134a" time="0.000" classname="com.vrt.testcases.assetCreationTest">
    <skipped/>
  </testcase> <!-- ASST134a -->
  <testcase name="ASST134b" time="0.000" classname="com.vrt.testcases.assetCreationTest">
    <skipped/>
  </testcase> <!-- ASST134b -->
  <testcase name="ASST102" time="0.000" classname="com.vrt.testcases.assetCreationTest">
    <skipped/>
  </testcase> <!-- ASST102 -->
  <testcase name="ASST107b" time="0.000" classname="com.vrt.testcases.assetCreationTest">
    <skipped/>
  </testcase> <!-- ASST107b -->
  <testcase name="ASST117a" time="0.000" classname="com.vrt.testcases.assetCreationTest">
    <skipped/>
  </testcase> <!-- ASST117a -->
  <testcase name="ASST117b" time="0.000" classname="com.vrt.testcases.assetCreationTest">
    <skipped/>
  </testcase> <!-- ASST117b -->
  <testcase name="ASST101a" time="0.000" classname="com.vrt.testcases.assetCreationTest">
    <skipped/>
  </testcase> <!-- ASST101a -->
  <testcase name="ASST113" time="0.000" classname="com.vrt.testcases.assetCreationTest">
    <skipped/>
  </testcase> <!-- ASST113 -->
  <testcase name="ASST103a" time="0.000" classname="com.vrt.testcases.assetCreationTest">
    <skipped/>
  </testcase> <!-- ASST103a -->
  <testcase name="ASST103a" time="0.000" classname="com.vrt.testcases.assetCreationTest">
    <skipped/>
  </testcase> <!-- ASST103a -->
  <testcase name="ASST134a" time="0.000" classname="com.vrt.testcases.assetCreationTest">
    <skipped/>
  </testcase> <!-- ASST134a -->
  <testcase name="ASST107a" time="0.000" classname="com.vrt.testcases.assetCreationTest">
    <skipped/>
  </testcase> <!-- ASST107a -->
  <testcase name="ASST134b" time="0.000" classname="com.vrt.testcases.assetCreationTest">
    <skipped/>
  </testcase> <!-- ASST134b -->
  <testcase name="ASST134a" time="0.000" classname="com.vrt.testcases.assetCreationTest">
    <skipped/>
  </testcase> <!-- ASST134a -->
  <testcase name="ASST113" time="0.000" classname="com.vrt.testcases.assetCreationTest">
    <skipped/>
  </testcase> <!-- ASST113 -->
  <testcase name="ASST101a" time="0.000" classname="com.vrt.testcases.assetCreationTest">
    <skipped/>
  </testcase> <!-- ASST101a -->
  <testcase name="ASST101b" time="0.000" classname="com.vrt.testcases.assetCreationTest">
    <skipped/>
  </testcase> <!-- ASST101b -->
  <testcase name="ASST113" time="0.000" classname="com.vrt.testcases.assetCreationTest">
    <skipped/>
  </testcase> <!-- ASST113 -->
  <testcase name="ASST134a" time="0.000" classname="com.vrt.testcases.assetCreationTest">
    <skipped/>
  </testcase> <!-- ASST134a -->
  <testcase name="ASST111b" time="0.000" classname="com.vrt.testcases.assetCreationTest">
    <skipped/>
  </testcase> <!-- ASST111b -->
  <testcase name="ASST117a" time="0.000" classname="com.vrt.testcases.assetCreationTest">
    <skipped/>
  </testcase> <!-- ASST117a -->
  <testcase name="ASST134b" time="0.000" classname="com.vrt.testcases.assetCreationTest">
    <skipped/>
  </testcase> <!-- ASST134b -->
  <testcase name="ASST113" time="0.000" classname="com.vrt.testcases.assetCreationTest">
    <skipped/>
  </testcase> <!-- ASST113 -->
  <testcase name="ASST101a" time="0.000" classname="com.vrt.testcases.assetCreationTest">
    <skipped/>
  </testcase> <!-- ASST101a -->
  <testcase name="ASST107a" time="0.000" classname="com.vrt.testcases.assetCreationTest">
    <skipped/>
  </testcase> <!-- ASST107a -->
  <testcase name="ASST117b" time="0.000" classname="com.vrt.testcases.assetCreationTest">
    <skipped/>
  </testcase> <!-- ASST117b -->
  <testcase name="ASST122a" time="0.000" classname="com.vrt.testcases.assetCreationTest">
    <skipped/>
  </testcase> <!-- ASST122a -->
  <testcase name="ASST122b" time="0.000" classname="com.vrt.testcases.assetCreationTest">
    <skipped/>
  </testcase> <!-- ASST122b -->
  <testcase name="ASST134a" time="0.000" classname="com.vrt.testcases.assetCreationTest">
    <skipped/>
  </testcase> <!-- ASST134a -->
  <testcase name="ASST122a" time="0.000" classname="com.vrt.testcases.assetCreationTest">
    <skipped/>
  </testcase> <!-- ASST122a -->
  <testcase name="ASST134a" time="0.000" classname="com.vrt.testcases.assetCreationTest">
    <skipped/>
  </testcase> <!-- ASST134a -->
  <testcase name="ASST109" time="0.000" classname="com.vrt.testcases.assetCreationTest">
    <skipped/>
  </testcase> <!-- ASST109 -->
  <testcase name="ASST103a" time="0.000" classname="com.vrt.testcases.assetCreationTest">
    <skipped/>
  </testcase> <!-- ASST103a -->
  <testcase name="ASST113" time="0.000" classname="com.vrt.testcases.assetCreationTest">
    <skipped/>
  </testcase> <!-- ASST113 -->
  <testcase name="ASST107b" time="0.000" classname="com.vrt.testcases.assetCreationTest">
    <skipped/>
  </testcase> <!-- ASST107b -->
  <testcase name="ASST131" time="0.000" classname="com.vrt.testcases.assetCreationTest">
    <skipped/>
  </testcase> <!-- ASST131 -->
  <testcase name="ASST134a" time="0.000" classname="com.vrt.testcases.assetCreationTest">
    <skipped/>
  </testcase> <!-- ASST134a -->
  <testcase name="ASST127" time="0.000" classname="com.vrt.testcases.assetCreationTest">
    <skipped/>
  </testcase> <!-- ASST127 -->
  <testcase name="ASST117a" time="0.000" classname="com.vrt.testcases.assetCreationTest">
    <skipped/>
  </testcase> <!-- ASST117a -->
  <testcase name="ASST134a" time="0.000" classname="com.vrt.testcases.assetCreationTest">
    <skipped/>
  </testcase> <!-- ASST134a -->
  <testcase name="ASST107b" time="0.000" classname="com.vrt.testcases.assetCreationTest">
    <skipped/>
  </testcase> <!-- ASST107b -->
  <testcase name="ASST103a" time="0.000" classname="com.vrt.testcases.assetCreationTest">
    <skipped/>
  </testcase> <!-- ASST103a -->
  <testcase name="ASST122a" time="0.000" classname="com.vrt.testcases.assetCreationTest">
    <skipped/>
  </testcase> <!-- ASST122a -->
  <testcase name="ASST134b" time="0.000" classname="com.vrt.testcases.assetCreationTest">
    <skipped/>
  </testcase> <!-- ASST134b -->
  <testcase name="ASST116" time="0.000" classname="com.vrt.testcases.assetCreationTest">
    <skipped/>
  </testcase> <!-- ASST116 -->
  <testcase name="ASST103a" time="0.000" classname="com.vrt.testcases.assetCreationTest">
    <skipped/>
  </testcase> <!-- ASST103a -->
  <testcase name="ASST107a" time="0.000" classname="com.vrt.testcases.assetCreationTest">
    <skipped/>
  </testcase> <!-- ASST107a -->
  <testcase name="ASST103a" time="0.000" classname="com.vrt.testcases.assetCreationTest">
    <skipped/>
  </testcase> <!-- ASST103a -->
  <testcase name="ASST121" time="0.000" classname="com.vrt.testcases.assetCreationTest">
    <skipped/>
  </testcase> <!-- ASST121 -->
  <testcase name="ASST101b" time="0.000" classname="com.vrt.testcases.assetCreationTest">
    <skipped/>
  </testcase> <!-- ASST101b -->
  <testcase name="ASST122a" time="0.000" classname="com.vrt.testcases.assetCreationTest">
    <skipped/>
  </testcase> <!-- ASST122a -->
  <testcase name="ASST107a" time="0.000" classname="com.vrt.testcases.assetCreationTest">
    <skipped/>
  </testcase> <!-- ASST107a -->
  <testcase name="ASST103b" time="0.000" classname="com.vrt.testcases.assetCreationTest">
    <skipped/>
  </testcase> <!-- ASST103b -->
  <testcase name="ASST117a" time="0.000" classname="com.vrt.testcases.assetCreationTest">
    <skipped/>
  </testcase> <!-- ASST117a -->
  <testcase name="ASST134a" time="0.000" classname="com.vrt.testcases.assetCreationTest">
    <skipped/>
  </testcase> <!-- ASST134a -->
  <testcase name="ASST113" time="0.000" classname="com.vrt.testcases.assetCreationTest">
    <skipped/>
  </testcase> <!-- ASST113 -->
  <testcase name="ASST136" time="0.000" classname="com.vrt.testcases.assetCreationTest">
    <skipped/>
  </testcase> <!-- ASST136 -->
  <testcase name="ASST103a" time="0.000" classname="com.vrt.testcases.assetCreationTest">
    <skipped/>
  </testcase> <!-- ASST103a -->
  <testcase name="ASST134a" time="0.000" classname="com.vrt.testcases.assetCreationTest">
    <skipped/>
  </testcase> <!-- ASST134a -->
  <testcase name="ASST103a" time="0.000" classname="com.vrt.testcases.assetCreationTest">
    <skipped/>
  </testcase> <!-- ASST103a -->
  <testcase name="ASST107a" time="0.000" classname="com.vrt.testcases.assetCreationTest">
    <skipped/>
  </testcase> <!-- ASST107a -->
  <testcase name="ASST113" time="0.000" classname="com.vrt.testcases.assetCreationTest">
    <skipped/>
  </testcase> <!-- ASST113 -->
  <testcase name="ASST133" time="0.000" classname="com.vrt.testcases.assetCreationTest">
    <skipped/>
  </testcase> <!-- ASST133 -->
  <testcase name="ASST105" time="0.000" classname="com.vrt.testcases.assetCreationTest">
    <skipped/>
  </testcase> <!-- ASST105 -->
  <testcase name="ASST111b" time="0.000" classname="com.vrt.testcases.assetCreationTest">
    <skipped/>
  </testcase> <!-- ASST111b -->
  <testcase name="ASST111a" time="0.000" classname="com.vrt.testcases.assetCreationTest">
    <error type="org.testng.TestNGException" message="
Method public void com.vrt.testcases.assetCreationTest.ASST111a(java.lang.String,java.lang.String,java.lang.String,java.lang.String,java.lang.String,java.lang.String,java.lang.String) throws java.lang.InterruptedException requires a @DataProvider named : getAstMdlInValidTestData in class com.vrt.utility.TestUtilities">
      <![CDATA[org.testng.TestNGException: 
Method public void com.vrt.testcases.assetCreationTest.ASST111a(java.lang.String,java.lang.String,java.lang.String,java.lang.String,java.lang.String,java.lang.String,java.lang.String) throws java.lang.InterruptedException requires a @DataProvider named : getAstMdlInValidTestData in class com.vrt.utility.TestUtilities
at org.testng.internal.Parameters.findDataProvider(Parameters.java:513)
at org.testng.internal.Parameters.handleParameters(Parameters.java:691)
at org.testng.internal.ParameterHandler.handleParameters(ParameterHandler.java:49)
at org.testng.internal.ParameterHandler.createParameters(ParameterHandler.java:37)
at org.testng.internal.Invoker.invokeTestMethods(Invoker.java:924)
at org.testng.internal.TestMethodWorker.invokeTestMethods(TestMethodWorker.java:125)
at org.testng.internal.TestMethodWorker.run(TestMethodWorker.java:109)
at org.testng.TestRunner.privateRun(TestRunner.java:648)
at org.testng.TestRunner.run(TestRunner.java:505)
at org.testng.SuiteRunner.runTest(SuiteRunner.java:455)
at org.testng.SuiteRunner.runSequentially(SuiteRunner.java:450)
at org.testng.SuiteRunner.privateRun(SuiteRunner.java:415)
at org.testng.SuiteRunner.run(SuiteRunner.java:364)
at org.testng.SuiteRunnerWorker.runSuite(SuiteRunnerWorker.java:52)
at org.testng.SuiteRunnerWorker.run(SuiteRunnerWorker.java:84)
at org.testng.TestNG.runSuitesSequentially(TestNG.java:1208)
at org.testng.TestNG.runSuitesLocally(TestNG.java:1137)
at org.testng.TestNG.runSuites(TestNG.java:1049)
at org.testng.TestNG.run(TestNG.java:1017)
at org.testng.remote.AbstractRemoteTestNG.run(AbstractRemoteTestNG.java:115)
at org.testng.remote.RemoteTestNG.initAndRun(RemoteTestNG.java:251)
at org.testng.remote.RemoteTestNG.main(RemoteTestNG.java:77)
]]>
    </error>
  </testcase> <!-- ASST111a -->
  <testcase name="ASST103a" time="0.000" classname="com.vrt.testcases.assetCreationTest">
    <skipped/>
  </testcase> <!-- ASST103a -->
  <testcase name="ASST101b" time="0.000" classname="com.vrt.testcases.assetCreationTest">
    <skipped/>
  </testcase> <!-- ASST101b -->
  <testcase name="ASST107b" time="0.000" classname="com.vrt.testcases.assetCreationTest">
    <skipped/>
  </testcase> <!-- ASST107b -->
  <testcase name="ASST103a" time="0.000" classname="com.vrt.testcases.assetCreationTest">
    <skipped/>
  </testcase> <!-- ASST103a -->
  <testcase name="ASST113" time="0.000" classname="com.vrt.testcases.assetCreationTest">
    <skipped/>
  </testcase> <!-- ASST113 -->
  <testcase name="ASST146" time="0.000" classname="com.vrt.testcases.assetCreationTest">
    <skipped/>
  </testcase> <!-- ASST146 -->
  <testcase name="ASST123" time="0.000" classname="com.vrt.testcases.assetCreationTest">
    <skipped/>
  </testcase> <!-- ASST123 -->
  <testcase name="ASST101a" time="0.000" classname="com.vrt.testcases.assetCreationTest">
    <skipped/>
  </testcase> <!-- ASST101a -->
  <testcase name="ASST117a" time="0.000" classname="com.vrt.testcases.assetCreationTest">
    <skipped/>
  </testcase> <!-- ASST117a -->
  <testcase name="ASST117b" time="0.000" classname="com.vrt.testcases.assetCreationTest">
    <skipped/>
  </testcase> <!-- ASST117b -->
  <testcase name="ASST143" time="0.000" classname="com.vrt.testcases.assetCreationTest">
    <skipped/>
  </testcase> <!-- ASST143 -->
  <testcase name="ASST113" time="0.000" classname="com.vrt.testcases.assetCreationTest">
    <skipped/>
  </testcase> <!-- ASST113 -->
  <testcase name="ASST101a" time="0.000" classname="com.vrt.testcases.assetCreationTest">
    <skipped/>
  </testcase> <!-- ASST101a -->
  <testcase name="ASST101a" time="0.000" classname="com.vrt.testcases.assetCreationTest">
    <skipped/>
  </testcase> <!-- ASST101a -->
  <testcase name="ASST113" time="0.000" classname="com.vrt.testcases.assetCreationTest">
    <skipped/>
  </testcase> <!-- ASST113 -->
  <testcase name="ASST101a" time="0.000" classname="com.vrt.testcases.assetCreationTest">
    <skipped/>
  </testcase> <!-- ASST101a -->
  <testcase name="ASST122a" time="0.000" classname="com.vrt.testcases.assetCreationTest">
    <skipped/>
  </testcase> <!-- ASST122a -->
  <testcase name="ASST103a" time="0.000" classname="com.vrt.testcases.assetCreationTest">
    <skipped/>
  </testcase> <!-- ASST103a -->
  <testcase name="ASST117a" time="0.000" classname="com.vrt.testcases.assetCreationTest">
    <skipped/>
  </testcase> <!-- ASST117a -->
  <testcase name="ASST101a" time="0.000" classname="com.vrt.testcases.assetCreationTest">
    <skipped/>
  </testcase> <!-- ASST101a -->
  <testcase name="ASST122a" time="0.000" classname="com.vrt.testcases.assetCreationTest">
    <skipped/>
  </testcase> <!-- ASST122a -->
  <testcase name="ASST103a" time="0.000" classname="com.vrt.testcases.assetCreationTest">
    <skipped/>
  </testcase> <!-- ASST103a -->
  <testcase name="ASST107b" time="0.000" classname="com.vrt.testcases.assetCreationTest">
    <skipped/>
  </testcase> <!-- ASST107b -->
  <testcase name="ASST113" time="0.000" classname="com.vrt.testcases.assetCreationTest">
    <skipped/>
  </testcase> <!-- ASST113 -->
  <testcase name="ASST134a" time="0.000" classname="com.vrt.testcases.assetCreationTest">
    <skipped/>
  </testcase> <!-- ASST134a -->
  <testcase name="ASST103a" time="0.000" classname="com.vrt.testcases.assetCreationTest">
    <skipped/>
  </testcase> <!-- ASST103a -->
  <testcase name="ASST117b" time="0.000" classname="com.vrt.testcases.assetCreationTest">
    <skipped/>
  </testcase> <!-- ASST117b -->
  <testcase name="ASST101b" time="0.000" classname="com.vrt.testcases.assetCreationTest">
    <skipped/>
  </testcase> <!-- ASST101b -->
  <testcase name="ASST101a" time="0.000" classname="com.vrt.testcases.assetCreationTest">
    <skipped/>
  </testcase> <!-- ASST101a -->
  <testcase name="ASST103b" time="0.000" classname="com.vrt.testcases.assetCreationTest">
    <skipped/>
  </testcase> <!-- ASST103b -->
  <testcase name="ASST117b" time="0.000" classname="com.vrt.testcases.assetCreationTest">
    <skipped/>
  </testcase> <!-- ASST117b -->
  <testcase name="ASST112" time="0.000" classname="com.vrt.testcases.assetCreationTest">
    <skipped/>
  </testcase> <!-- ASST112 -->
  <testcase name="ASST111b" time="0.000" classname="com.vrt.testcases.assetCreationTest">
    <skipped/>
  </testcase> <!-- ASST111b -->
  <testcase name="ASST103b" time="0.000" classname="com.vrt.testcases.assetCreationTest">
    <skipped/>
  </testcase> <!-- ASST103b -->
  <testcase name="ASST117a" time="0.000" classname="com.vrt.testcases.assetCreationTest">
    <skipped/>
  </testcase> <!-- ASST117a -->
  <testcase name="ASST112" time="0.000" classname="com.vrt.testcases.assetCreationTest">
    <skipped/>
  </testcase> <!-- ASST112 -->
  <testcase name="ASST117a" time="0.000" classname="com.vrt.testcases.assetCreationTest">
    <skipped/>
  </testcase> <!-- ASST117a -->
  <testcase name="ASST117b" time="0.000" classname="com.vrt.testcases.assetCreationTest">
    <skipped/>
  </testcase> <!-- ASST117b -->
  <testcase name="ASST107a" time="0.000" classname="com.vrt.testcases.assetCreationTest">
    <skipped/>
  </testcase> <!-- ASST107a -->
  <testcase name="ASST117a" time="0.000" classname="com.vrt.testcases.assetCreationTest">
    <skipped/>
  </testcase> <!-- ASST117a -->
  <testcase name="ASST113" time="0.000" classname="com.vrt.testcases.assetCreationTest">
    <skipped/>
  </testcase> <!-- ASST113 -->
  <testcase name="ASST101a" time="0.000" classname="com.vrt.testcases.assetCreationTest">
    <skipped/>
  </testcase> <!-- ASST101a -->
  <testcase name="ASST101a" time="0.000" classname="com.vrt.testcases.assetCreationTest">
    <skipped/>
  </testcase> <!-- ASST101a -->
  <testcase name="ASST107a" time="0.000" classname="com.vrt.testcases.assetCreationTest">
    <skipped/>
  </testcase> <!-- ASST107a -->
  <testcase name="ASST122a" time="0.000" classname="com.vrt.testcases.assetCreationTest">
    <skipped/>
  </testcase> <!-- ASST122a -->
  <testcase name="ASST107a" time="0.000" classname="com.vrt.testcases.assetCreationTest">
    <skipped/>
  </testcase> <!-- ASST107a -->
  <testcase name="ASST117b" time="0.000" classname="com.vrt.testcases.assetCreationTest">
    <skipped/>
  </testcase> <!-- ASST117b -->
  <testcase name="ASST113" time="0.000" classname="com.vrt.testcases.assetCreationTest">
    <skipped/>
  </testcase> <!-- ASST113 -->
  <testcase name="ASST103b" time="0.000" classname="com.vrt.testcases.assetCreationTest">
    <skipped/>
  </testcase> <!-- ASST103b -->
  <testcase name="ASST122a" time="0.000" classname="com.vrt.testcases.assetCreationTest">
    <skipped/>
  </testcase> <!-- ASST122a -->
  <testcase name="ASST144" time="0.000" classname="com.vrt.testcases.assetCreationTest">
    <skipped/>
  </testcase> <!-- ASST144 -->
  <testcase name="ASST122a" time="0.000" classname="com.vrt.testcases.assetCreationTest">
    <skipped/>
  </testcase> <!-- ASST122a -->
  <testcase name="ASST117a" time="0.000" classname="com.vrt.testcases.assetCreationTest">
    <skipped/>
  </testcase> <!-- ASST117a -->
  <testcase name="ASST122b" time="0.000" classname="com.vrt.testcases.assetCreationTest">
    <skipped/>
  </testcase> <!-- ASST122b -->
  <testcase name="ASST113" time="0.000" classname="com.vrt.testcases.assetCreationTest">
    <skipped/>
  </testcase> <!-- ASST113 -->
</testsuite> <!-- com.vrt.testcases.assetCreationTest -->
