<?xml version="1.0" encoding="UTF-8"?>
<!-- Generated by org.testng.reporters.JUnitReportReporter -->
<testsuite skipped="0" hostname="INAS-LP024" name="com.vrt.testcases.HitNTrialTests" tests="1" failures="0" timestamp="18 Sep 2019 09:24:28 GMT" time="0.008" errors="0">
  <testcase name="checkDateformat" time="0.008" classname="com.vrt.testcases.HitNTrialTests"/>
</testsuite> <!-- com.vrt.testcases.HitNTrialTests -->
