<?xml version="1.0" encoding="UTF-8"?>
<!-- Generated by org.testng.reporters.JUnitReportReporter -->
<testsuite skipped="0" hostname="INAS-LP024" name="com.vrt.testcases.assetDetailsTest" tests="1" failures="0" timestamp="18 Sep 2019 09:26:54 GMT" time="11.473" errors="0">
  <testcase name="ASST020" time="11.473" classname="com.vrt.testcases.assetDetailsTest"/>
</testsuite> <!-- com.vrt.testcases.assetDetailsTest -->
